d:\mywork_cpp\mychatroom\tcpserver\x64\debug\vc143.pdb
d:\mywork_cpp\mychatroom\tcpserver\x64\debug\vc143.idb
d:\mywork_cpp\mychatroom\tcpserver\x64\debug\threadpool.obj
d:\mywork_cpp\mychatroom\tcpserver\x64\debug\taskqueue.obj
d:\mywork_cpp\mychatroom\tcpserver\x64\debug\sqlitecontroller.obj
d:\mywork_cpp\mychatroom\tcpserver\x64\debug\socket.obj
d:\mywork_cpp\mychatroom\tcpserver\x64\debug\acceptor.obj
d:\mywork_cpp\mychatroom\tcpserver\x64\debug\server.obj
d:\mywork_cpp\mychatroom\tcpserver\x64\debug\main.obj
d:\mywork_cpp\mychatroom\tcpserver\x64\debug\commands.obj
d:\mywork_cpp\mychatroom\tcpserver\x64\debug\dispatcher.obj
d:\mywork_cpp\mychatroom\tcpserver\x64\debug\sodiumencryptor.obj
d:\mywork_cpp\mychatroom\tcpserver\x64\debug\sqlite3.obj
d:\mywork_cpp\mychatroom\tcpserver\x64\debug\tcpserver.ilk
d:\mywork_cpp\mychatroom\x64\debug\tcpserver.exe
d:\mywork_cpp\mychatroom\x64\debug\tcpserver.pdb
d:\mywork_cpp\mychatroom\x64\debug\jsoncpp.dll
d:\mywork_cpp\mychatroom\tcpserver\x64\debug\tcpserver.tlog\cl.command.1.tlog
d:\mywork_cpp\mychatroom\tcpserver\x64\debug\tcpserver.tlog\cl.items.tlog
d:\mywork_cpp\mychatroom\tcpserver\x64\debug\tcpserver.tlog\cl.read.1.tlog
d:\mywork_cpp\mychatroom\tcpserver\x64\debug\tcpserver.tlog\cl.write.1.tlog
d:\mywork_cpp\mychatroom\tcpserver\x64\debug\tcpserver.tlog\link.command.1.tlog
d:\mywork_cpp\mychatroom\tcpserver\x64\debug\tcpserver.tlog\link.read.1.tlog
d:\mywork_cpp\mychatroom\tcpserver\x64\debug\tcpserver.tlog\link.write.1.tlog
d:\mywork_cpp\mychatroom\tcpserver\x64\debug\tcpserver.tlog\tcpserver.write.1u.tlog
