d:\mywork_cpp\mychatroom\tcpserver\x64\release\vc143.pdb
d:\mywork_cpp\mychatroom\tcpserver\x64\release\public.obj
d:\mywork_cpp\mychatroom\tcpserver\x64\release\packet.obj
d:\mywork_cpp\mychatroom\tcpserver\x64\release\onlineusers.obj
d:\mywork_cpp\mychatroom\tcpserver\x64\release\allusers.obj
d:\mywork_cpp\mychatroom\tcpserver\x64\release\main.obj
d:\mywork_cpp\mychatroom\tcpserver\x64\release\threadpool.obj
d:\mywork_cpp\mychatroom\tcpserver\x64\release\taskqueue.obj
d:\mywork_cpp\mychatroom\tcpserver\x64\release\sqlitecontroller.obj
d:\mywork_cpp\mychatroom\tcpserver\x64\release\server.obj
d:\mywork_cpp\mychatroom\tcpserver\x64\release\dbfactory.obj
d:\mywork_cpp\mychatroom\x64\release\tcpserver.exe
d:\mywork_cpp\mychatroom\tcpserver\x64\release\tcpserver.ipdb
d:\mywork_cpp\mychatroom\x64\release\tcpserver.pdb
d:\mywork_cpp\mychatroom\tcpserver\x64\release\tcpserver.iobj
d:\mywork_cpp\mychatroom\x64\release\jsoncpp.dll
d:\mywork_cpp\mychatroom\tcpserver\x64\release\function.obj
d:\mywork_cpp\mychatroom\tcpserver\x64\release\tcpserver.tlog\cl.command.1.tlog
d:\mywork_cpp\mychatroom\tcpserver\x64\release\tcpserver.tlog\cl.items.tlog
d:\mywork_cpp\mychatroom\tcpserver\x64\release\tcpserver.tlog\cl.read.1.tlog
d:\mywork_cpp\mychatroom\tcpserver\x64\release\tcpserver.tlog\cl.write.1.tlog
d:\mywork_cpp\mychatroom\tcpserver\x64\release\tcpserver.tlog\link.command.1.tlog
d:\mywork_cpp\mychatroom\tcpserver\x64\release\tcpserver.tlog\link.read.1.tlog
d:\mywork_cpp\mychatroom\tcpserver\x64\release\tcpserver.tlog\link.write.1.tlog
d:\mywork_cpp\mychatroom\tcpserver\x64\release\tcpserver.tlog\tcpserver.write.1u.tlog
